▲ Next.js 16.1.3
- Local:         http://localhost:3000
- Network:       http://21.0.17.253:3000

✓ Starting...
✓ Ready in 393ms
▲ Next.js 16.1.3
- Local:         http://localhost:3000
- Network:       http://21.0.17.253:3000

✓ Starting...
✓ Ready in 385ms
▲ Next.js 16.1.3
- Local:         http://localhost:3000
- Network:       http://21.0.17.253:3000

✓ Starting...
✓ Ready in 403ms
▲ Next.js 16.1.3
- Local:         http://localhost:3000
- Network:       http://0.0.0.0:3000

✓ Starting...
✓ Ready in 434ms
